<?xml version="1.0" encoding="UTF-8"?>
<!-- Generated by org.testng.reporters.JUnitReportReporter -->
<testsuite hostname="Shalinis-MacBook-Pro.local" failures="0" tests="1" name="com.bschool.chats.bschoolAndroid.tests.ChatPageTest" time="20.326" errors="0" timestamp="2023-11-29T15:45:41 IST" skipped="0">
  <testcase classname="com.bschool.chats.bschoolAndroid.tests.ChatPageTest" name="eventPage_displayedTest" time="20.326"/>
</testsuite> <!-- com.bschool.chats.bschoolAndroid.tests.ChatPageTest -->
