<?xml version="1.0" encoding="UTF-8"?>
<!-- Generated by org.testng.reporters.JUnitReportReporter -->
<testsuite hostname="Shalinis-MacBook-Pro.local" failures="0" tests="1" name="com.bschool.chats.bschoolAndroid.tests.EventPageTest" time="51.585" errors="0" timestamp="2023-12-06T00:27:34 IST" skipped="0">
  <testcase classname="com.bschool.chats.bschoolAndroid.tests.EventPageTest" name="eventPage_writeComments" time="51.585"/>
</testsuite> <!-- com.bschool.chats.bschoolAndroid.tests.EventPageTest -->
