<?xml version="1.0" encoding="UTF-8"?>
<!-- Generated by org.testng.reporters.JUnitReportReporter -->
<testsuite hostname="Shalinis-MacBook-Pro.local" failures="0" tests="1" name="com.bschool.chats.bschoolAndroid.tests.EventPageTest" time="54.075" errors="0" timestamp="2023-12-06T00:09:24 IST" skipped="0">
  <testcase classname="com.bschool.chats.bschoolAndroid.tests.EventPageTest" name="eventPage_readComments" time="54.075"/>
</testsuite> <!-- com.bschool.chats.bschoolAndroid.tests.EventPageTest -->
