<?xml version="1.0" encoding="UTF-8"?>
<!-- Generated by org.testng.reporters.JUnitReportReporter -->
<testsuite hostname="Shyam" failures="0" tests="1" name="com.bschool.chats.bschoolAndroid.tests.LaunchAppTest" time="19.121" errors="0" timestamp="2023-11-16T09:56:24 IST" skipped="0">
  <testcase classname="com.bschool.chats.bschoolAndroid.tests.LaunchAppTest" name="launchApp" time="19.121"/>
</testsuite> <!-- com.bschool.chats.bschoolAndroid.tests.LaunchAppTest -->
