<?xml version="1.0" encoding="UTF-8"?>
<!-- Generated by org.testng.reporters.JUnitReportReporter -->
<testsuite hostname="Shalinis-MacBook-Pro.local" failures="0" tests="1" name="com.bschool.chats.bschoolAndroid.tests.EventPageTest" time="46.561" errors="0" timestamp="2023-11-29T13:35:01 IST" skipped="0">
  <testcase classname="com.bschool.chats.bschoolAndroid.tests.EventPageTest" name="eventPage_readDetails" time="46.561"/>
</testsuite> <!-- com.bschool.chats.bschoolAndroid.tests.EventPageTest -->
