<?xml version="1.0" encoding="UTF-8"?>
<!-- Generated by org.testng.reporters.JUnitReportReporter -->
<testsuite hostname="Shalinis-MacBook-Pro.local" failures="0" tests="1" name="com.bschool.chats.bschoolAndroid.tests.HomePageTest" time="16.420" errors="0" timestamp="2023-12-01T01:19:07 IST" skipped="0">
  <testcase classname="com.bschool.chats.bschoolAndroid.tests.HomePageTest" name="homePage_displayedTest" time="16.420"/>
</testsuite> <!-- com.bschool.chats.bschoolAndroid.tests.HomePageTest -->
