<?xml version="1.0" encoding="UTF-8"?>
<!-- Generated by org.testng.reporters.JUnitReportReporter -->
<testsuite hostname="Shalinis-MacBook-Pro.local" failures="0" tests="1" name="com.bschool.chats.bschoolAndroid.tests.ChatPageTest" time="18.387" errors="0" timestamp="2023-11-30T16:32:01 IST" skipped="0">
  <testcase classname="com.bschool.chats.bschoolAndroid.tests.ChatPageTest" name="eventPage_displayedTest" time="18.387"/>
</testsuite> <!-- com.bschool.chats.bschoolAndroid.tests.ChatPageTest -->
