<?xml version="1.0" encoding="UTF-8"?>
<!-- Generated by org.testng.reporters.JUnitReportReporter -->
<testsuite hostname="Shalinis-MacBook-Pro.local" failures="0" tests="1" name="com.bschool.chats.bschoolAndroid.tests.HomePageTest" time="14.315" errors="0" timestamp="2023-11-30T16:32:01 IST" skipped="0">
  <testcase classname="com.bschool.chats.bschoolAndroid.tests.HomePageTest" name="homePage_displayedTest" time="14.315"/>
</testsuite> <!-- com.bschool.chats.bschoolAndroid.tests.HomePageTest -->
