<?xml version="1.0" encoding="UTF-8"?>
<!-- Generated by org.testng.reporters.JUnitReportReporter -->
<testsuite hostname="Shalinis-MacBook-Pro.local" failures="0" tests="4" name="com.bschool.chats.bschoolAndroid.tests.EventPageTest" time="157.449" errors="0" timestamp="2023-11-30T16:32:01 IST" skipped="0">
  <testcase classname="com.bschool.chats.bschoolAndroid.tests.EventPageTest" name="eventPage_addEventTest" time="44.900"/>
  <testcase classname="com.bschool.chats.bschoolAndroid.tests.EventPageTest" name="eventPage_displayedTest" time="18.487"/>
  <testcase classname="com.bschool.chats.bschoolAndroid.tests.EventPageTest" name="eventPage_editEvent" time="49.219"/>
  <testcase classname="com.bschool.chats.bschoolAndroid.tests.EventPageTest" name="eventPage_readDetails" time="44.843"/>
</testsuite> <!-- com.bschool.chats.bschoolAndroid.tests.EventPageTest -->
